None
✅ pass: ok
 beaca
 ddddb
 adadd
 eadcb
 eacaa
 aeadb
 daebd
 debcb
 bdcad
 eabca
✅ pass: sample
10 5.5 3.0276503540974917
✅ pass: nums
10001 10.01323810134875 1.970763299853688
✅ pass: gauss
 mu sd cliffs boot both
 -- -- ------ ---- ----
 10.0 1 True True True
 10.1 1 True True True
 10.2 1 True True True
 10.299999999999999 1 True True True
 10.399999999999999 1 True False False
 10.499999999999998 1 True False False
 10.599999999999998 1 True False False
 10.699999999999998 1 True False False
 10.799999999999997 1 True False False
 10.899999999999997 1 False False False
 10.999999999999996 1 False False False
✅ pass: boot
		truee True True
		false False False
		false False False
✅ pass: basic

eg3
	 1 true True True
	 1.05 true True True
	 1.1 false False True
	 1.1500000000000001 false False True
	 1.2000000000000002 false False True
	 1.2500000000000002 false False True
	 1.3000000000000003 false False True
	 1.3500000000000003 false False True
	 1.4000000000000004 false False True
	 1.4500000000000004 false False True
✅ pass: pre
rx5 1  ----    *-----     |                    {   0.10},   0.10,   0.10,   0.10,   0.10 }
rx3 1   -----     *--     |                    {   0.15},   0.15,   0.15,   0.15,   0.15 }
rx1 2             ------- *----                {   0.34},   0.34,   0.34,   0.34,   0.34 }
rx2 3                     |    -----     *---- {   0.60},   0.60,   0.60,   0.60,   0.60 }
rx4 3                     |    -----     *---- {   0.60},   0.60,   0.60,   0.60,   0.60 }
✅ pass: five
rx1 1  ---------          *                    {  99.00},  99.00,  99.00,  99.00,  99.00 }
rx2 1  -------------------*                    {  99.00},  99.00,  99.00,  99.00,  99.00 }
rx3 1  ---------          *                    {  99.00},  99.00,  99.00,  99.00,  99.00 }
rx4 1  -------------------*                    {  99.00},  99.00,  99.00,  99.00,  99.00 }
✅ pass: six
 rx0    *                |                    {   8.75},   8.75,   8.75,   8.75,   8.75 }
 rx5  - *                |                    {   8.62},   8.62,   8.62,   8.62,   8.62 }
 rx6    *                |                    {   8.72},   8.72,   8.72,   8.72,   8.72 }
 rx9    *                |                    {   8.73},   8.73,   8.73,   8.73,   8.73 }
 rx1    *                |                    {   8.78},   8.78,   8.78,   8.78,   8.78 }
 rx2           -*        |                    {  18.81},  18.81,  18.81,  18.81,  18.81 }
 rx3                    -*                    {  28.84},  28.84,  28.84,  28.84,  28.84 }
 rx4                    -*                    {  28.84},  28.84,  28.84,  28.84,  28.84 }
 rx7                     |        *           {  38.70},  38.70,  38.70,  38.70,  38.70 }
 rx8                     |    --  *--         {  36.10},  36.10,  36.10,  36.10,  36.10 }
✅ pass: tiles
 1 rx0    *                |                    {   8.66},   8.66,   8.66,   8.66,   8.66 }
 1 rx9    *                |                    {   8.65},   8.65,   8.65,   8.65,   8.65 }
 1 rx6    *                |                    {   8.71},   8.71,   8.71,   8.71,   8.71 }
 1 rx5    *                |                    {   8.80},   8.80,   8.80,   8.80,   8.80 }
 1 rx1    *                |                    {   8.81},   8.81,   8.81,   8.81,   8.81 }
 2 rx2            -*       |                    {  18.72},  18.72,  18.72,  18.72,  18.72 }
 3 rx3                     | *                  {  28.71},  28.71,  28.71,  28.71,  28.71 }
 3 rx4                     | *                  {  28.81},  28.81,  28.81,  28.81,  28.81 }
 4 rx8                     |      --- * -       {  36.12},  36.12,  36.12,  36.12,  36.12 }
 4 rx7                     |         -*         {  38.72},  38.72,  38.72,  38.72,  38.72 }
✅ pass: sk
