/Users/hrushabhchouhan/NCSU/ASE/Grp_15_ASE_HW/etc/data/repgrid1.csv
✅ pass: sym

✅ pass: num

{'dump': False, 'go': 'all', 'help': False, 'seed': 937162211, 'file': '../../etc/data/repgrid1.csv', 'p': 2}
✅ pass: the

79
|.. 65
|.. |.. 52
|.. |.. |.. IceHockey
|.. |.. |.. Golf
|.. |.. 55
|.. |.. |.. Vollyball
|.. |.. |.. 65
|.. |.. |.. |.. Football
|.. |.. |.. |.. Carrom
|.. 59
|.. |.. 44
|.. |.. |.. Soccer
|.. |.. |.. Squash
|.. |.. 47
|.. |.. |.. Cricket
|.. |.. |.. 45
|.. |.. |.. |.. Chess
|.. |.. |.. |.. TableTennis

76
|.. 56
|.. |.. 41
|.. |.. |.. MuscleStrength:Agility
|.. |.. |.. Endurance:Strength
|.. |.. 55
|.. |.. |.. Cerebral:Physical
|.. |.. |.. FunToWatch:NotFunToWatch
|.. 65
|.. |.. 59
|.. |.. |.. Injury:Safe
|.. |.. |.. Indoor:Outdoor
|.. |.. 50
|.. |.. |.. SoloGame:TeamGame
|.. |.. |.. Complex(ToUnderstand):Easy


A Soccer
B Cricket
C Chess
D Carrom
E Vollyball
F Football
G IceHockey
H Golf
I TableTennis
J Squash

{G              A     }
{                     }
{                     }
{                     }
{                     }
{                     }
{                     }
{           JC        }
{         E  I        }
{  H    D             }

✅ pass: every
